<?xml version="1.0" encoding="UTF-8"?>
<testsuite name="com.tw.bootcamp.PlayerTest" tests="2" skipped="0" failures="0" errors="0" timestamp="2019-10-15T10:50:11" hostname="INZainuelAs-MacBook-Pro.local" time="0.001">
  <properties/>
  <testcase name="shouldReturnAlwaysCheatPlayer" classname="com.tw.bootcamp.PlayerTest" time="0.001"/>
  <testcase name="shouldReturnCooperate" classname="com.tw.bootcamp.PlayerTest" time="0.0"/>
  <system-out><![CDATA[]]></system-out>
  <system-err><![CDATA[]]></system-err>
</testsuite>
